2025-04-24 13:19:27,557 INFO o.a.j.u.JMeterUtils: Setting Locale to en_EN
2025-04-24 13:19:27,566 INFO o.a.j.JMeter: Loading user properties from: user.properties
2025-04-24 13:19:27,566 INFO o.a.j.JMeter: Loading system properties from: system.properties
2025-04-24 13:19:27,571 INFO o.a.j.JMeter: Copyright (c) 1998-2024 The Apache Software Foundation
2025-04-24 13:19:27,571 INFO o.a.j.JMeter: Version 5.6.3
2025-04-24 13:19:27,571 INFO o.a.j.JMeter: java.version=1.8.0_451
2025-04-24 13:19:27,571 INFO o.a.j.JMeter: java.vm.name=Java HotSpot(TM) 64-Bit Server VM
2025-04-24 13:19:27,571 INFO o.a.j.JMeter: os.name=Windows 11
2025-04-24 13:19:27,571 INFO o.a.j.JMeter: os.arch=amd64
2025-04-24 13:19:27,571 INFO o.a.j.JMeter: os.version=10.0
2025-04-24 13:19:27,572 INFO o.a.j.JMeter: file.encoding=MS949
2025-04-24 13:19:27,572 INFO o.a.j.JMeter: java.awt.headless=null
2025-04-24 13:19:27,572 INFO o.a.j.JMeter: Max memory     =1073741824
2025-04-24 13:19:27,572 INFO o.a.j.JMeter: Available Processors =24
2025-04-24 13:19:27,575 INFO o.a.j.JMeter: Default Locale=English (EN)
2025-04-24 13:19:27,576 INFO o.a.j.JMeter: JMeter  Locale=English (EN)
2025-04-24 13:19:27,576 INFO o.a.j.JMeter: JMeterHome=C:\Users\kal84\Downloads\apache-jmeter-5.6.3
2025-04-24 13:19:27,576 INFO o.a.j.JMeter: user.dir  =C:\Users\kal84\Downloads\apache-jmeter-5.6.3\bin
2025-04-24 13:19:27,576 INFO o.a.j.JMeter: PWD       =C:\Users\kal84\Downloads\apache-jmeter-5.6.3\bin
2025-04-24 13:19:27,581 INFO o.a.j.JMeter: IP: 192.168.55.136 Name: DESKTOP-A9LS904 FullName: host.docker.internal
2025-04-24 13:19:27,594 INFO o.a.j.JMeter: Loaded icon properties from org/apache/jmeter/images/icon.properties
2025-04-24 13:19:27,844 INFO o.a.j.JMeterGuiLauncher: Setting LAF to: com.github.weisj.darklaf.DarkLaf:com.github.weisj.darklaf.theme.SolarizedDarkTheme
2025-04-24 13:19:36,166 INFO o.a.j.s.FileServer: Default base='C:\Users\kal84\Downloads\apache-jmeter-5.6.3\bin'
2025-04-24 13:19:36,168 INFO o.a.j.g.a.Load: Loading file: C:\Users\kal84\Downloads\apache-jmeter-5.6.3\bin\Test Plan.jmx
2025-04-24 13:19:36,168 INFO o.a.j.s.FileServer: Set new base='C:\Users\kal84\Downloads\apache-jmeter-5.6.3\bin'
2025-04-24 13:19:36,280 INFO o.a.j.s.SaveService: Testplan (JMX) version: 2.2. Testlog (JTL) version: 2.2
2025-04-24 13:19:36,309 INFO o.a.j.s.SaveService: Using SaveService properties file encoding UTF-8
2025-04-24 13:19:36,310 INFO o.a.j.s.SaveService: Using SaveService properties version 5.0
2025-04-24 13:19:36,312 INFO o.a.j.s.SaveService: Loading file: C:\Users\kal84\Downloads\apache-jmeter-5.6.3\bin\Test Plan.jmx
2025-04-24 13:19:36,338 INFO o.a.j.p.h.s.HTTPSamplerBase: Parser for text/html is org.apache.jmeter.protocol.http.parser.LagartoBasedHtmlParser
2025-04-24 13:19:36,339 INFO o.a.j.p.h.s.HTTPSamplerBase: Parser for application/xhtml+xml is org.apache.jmeter.protocol.http.parser.LagartoBasedHtmlParser
2025-04-24 13:19:36,339 INFO o.a.j.p.h.s.HTTPSamplerBase: Parser for application/xml is org.apache.jmeter.protocol.http.parser.LagartoBasedHtmlParser
2025-04-24 13:19:36,339 INFO o.a.j.p.h.s.HTTPSamplerBase: Parser for text/xml is org.apache.jmeter.protocol.http.parser.LagartoBasedHtmlParser
2025-04-24 13:19:36,339 INFO o.a.j.p.h.s.HTTPSamplerBase: Parser for text/vnd.wap.wml is org.apache.jmeter.protocol.http.parser.RegexpHTMLParser
2025-04-24 13:19:36,339 INFO o.a.j.p.h.s.HTTPSamplerBase: Parser for text/css is org.apache.jmeter.protocol.http.parser.CssParser
2025-04-24 13:19:36,716 INFO o.a.j.s.SampleResult: Note: Sample TimeStamps are START times
2025-04-24 13:19:36,717 INFO o.a.j.s.SampleResult: sampleresult.default.encoding is set to UTF-8
2025-04-24 13:19:36,717 INFO o.a.j.s.SampleResult: sampleresult.useNanoTime=true
2025-04-24 13:19:36,717 INFO o.a.j.s.SampleResult: sampleresult.nanoThreadSleep=5000
2025-04-24 13:19:37,123 INFO o.a.j.s.FileServer: Set new base='C:\Users\kal84\Downloads\apache-jmeter-5.6.3\bin'
2025-04-24 14:09:37,605 INFO o.a.j.e.StandardJMeterEngine: Running the test!
2025-04-24 14:09:37,607 INFO o.a.j.s.SampleEvent: List of sample_variables: []
2025-04-24 14:09:37,607 INFO o.a.j.s.SampleEvent: List of sample_variables: []
2025-04-24 14:09:37,608 INFO o.a.j.e.u.CompoundVariable: Note: Function class names must contain the string: '.functions.'
2025-04-24 14:09:37,608 INFO o.a.j.e.u.CompoundVariable: Note: Function class names must not contain the string: '.gui.'
2025-04-24 14:09:37,671 INFO o.a.j.g.u.JMeterMenuBar: setRunning(true, *local*)
2025-04-24 14:09:37,673 INFO o.a.j.e.StandardJMeterEngine: Starting ThreadGroup: 1 : Thread Group
2025-04-24 14:09:37,673 INFO o.a.j.e.StandardJMeterEngine: Starting 1 threads for group Thread Group.
2025-04-24 14:09:37,673 INFO o.a.j.e.StandardJMeterEngine: Thread will continue on error
2025-04-24 14:09:37,673 INFO o.a.j.t.ThreadGroup: Starting thread group... number=1 threads=1 ramp-up=1 delayedStart=false
2025-04-24 14:09:37,694 INFO o.a.j.t.ThreadGroup: Started thread group number 1
2025-04-24 14:09:37,694 INFO o.a.j.e.StandardJMeterEngine: All thread groups have been started
2025-04-24 14:09:37,698 INFO o.a.j.t.JMeterThread: Thread started: Thread Group 1-1
2025-04-24 14:09:37,710 INFO o.a.j.p.h.s.HTTPHCAbstractImpl: Local host = DESKTOP-A9LS904
2025-04-24 14:09:37,715 INFO o.a.j.p.h.s.HTTPHC4Impl: HTTP request retry count = 0
2025-04-24 14:09:37,842 INFO o.a.j.p.h.s.h.LazyLayeredConnectionSocketFactory: Setting up HTTPS TrustAll Socket Factory
2025-04-24 14:09:37,846 INFO o.a.j.u.JsseSSLManager: Using default SSL protocol: TLS
2025-04-24 14:09:37,847 INFO o.a.j.u.JsseSSLManager: SSL session context: per-thread
2025-04-24 14:09:38,395 INFO o.a.j.u.SSLManager: JmeterKeyStore Location:  type JKS
2025-04-24 14:09:38,400 INFO o.a.j.u.SSLManager: KeyStore created OK
2025-04-24 14:09:38,400 WARN o.a.j.u.SSLManager: Keystore file not found, loading empty keystore
2025-04-24 14:09:42,019 INFO o.a.j.t.JMeterThread: Thread is done: Thread Group 1-1
2025-04-24 14:09:42,019 INFO o.a.j.t.JMeterThread: Thread finished: Thread Group 1-1
2025-04-24 14:09:42,021 INFO o.a.j.e.StandardJMeterEngine: Notifying test listeners of end of test
2025-04-24 14:09:42,022 INFO o.a.j.g.u.JMeterMenuBar: setRunning(false, *local*)
2025-04-24 14:09:43,363 INFO o.a.j.e.StandardJMeterEngine: Running the test!
2025-04-24 14:09:43,363 INFO o.a.j.s.SampleEvent: List of sample_variables: []
2025-04-24 14:09:43,364 INFO o.a.j.g.u.JMeterMenuBar: setRunning(true, *local*)
2025-04-24 14:09:43,490 INFO o.a.j.e.StandardJMeterEngine: Starting ThreadGroup: 1 : Thread Group
2025-04-24 14:09:43,490 INFO o.a.j.e.StandardJMeterEngine: Starting 1 threads for group Thread Group.
2025-04-24 14:09:43,490 INFO o.a.j.e.StandardJMeterEngine: Thread will continue on error
2025-04-24 14:09:43,490 INFO o.a.j.t.ThreadGroup: Starting thread group... number=1 threads=1 ramp-up=1 delayedStart=false
2025-04-24 14:09:43,491 INFO o.a.j.t.ThreadGroup: Started thread group number 1
2025-04-24 14:09:43,491 INFO o.a.j.e.StandardJMeterEngine: All thread groups have been started
2025-04-24 14:09:43,491 INFO o.a.j.t.JMeterThread: Thread started: Thread Group 1-1
2025-04-24 14:09:46,543 INFO o.a.j.t.JMeterThread: Thread is done: Thread Group 1-1
2025-04-24 14:09:46,543 INFO o.a.j.t.JMeterThread: Thread finished: Thread Group 1-1
2025-04-24 14:09:46,545 INFO o.a.j.e.StandardJMeterEngine: Notifying test listeners of end of test
2025-04-24 14:09:46,545 INFO o.a.j.g.u.JMeterMenuBar: setRunning(false, *local*)
2025-04-24 14:12:40,822 INFO o.a.j.e.StandardJMeterEngine: Running the test!
2025-04-24 14:12:40,822 INFO o.a.j.s.SampleEvent: List of sample_variables: []
2025-04-24 14:12:40,822 INFO o.a.j.g.u.JMeterMenuBar: setRunning(true, *local*)
2025-04-24 14:12:40,945 INFO o.a.j.e.StandardJMeterEngine: Starting ThreadGroup: 1 : Thread Group
2025-04-24 14:12:40,946 INFO o.a.j.e.StandardJMeterEngine: Starting 1 threads for group Thread Group.
2025-04-24 14:12:40,946 INFO o.a.j.e.StandardJMeterEngine: Thread will continue on error
2025-04-24 14:12:40,946 INFO o.a.j.t.ThreadGroup: Starting thread group... number=1 threads=1 ramp-up=1 delayedStart=false
2025-04-24 14:12:40,947 INFO o.a.j.t.ThreadGroup: Started thread group number 1
2025-04-24 14:12:40,947 INFO o.a.j.e.StandardJMeterEngine: All thread groups have been started
2025-04-24 14:12:40,947 INFO o.a.j.t.JMeterThread: Thread started: Thread Group 1-1
2025-04-24 14:12:45,213 INFO o.a.j.t.JMeterThread: Thread is done: Thread Group 1-1
2025-04-24 14:12:45,213 INFO o.a.j.t.JMeterThread: Thread finished: Thread Group 1-1
2025-04-24 14:12:45,214 INFO o.a.j.e.StandardJMeterEngine: Notifying test listeners of end of test
2025-04-24 14:12:45,214 INFO o.a.j.g.u.JMeterMenuBar: setRunning(false, *local*)
2025-04-24 14:13:03,547 INFO o.a.j.e.StandardJMeterEngine: Running the test!
2025-04-24 14:13:03,547 INFO o.a.j.s.SampleEvent: List of sample_variables: []
2025-04-24 14:13:03,549 INFO o.a.j.g.u.JMeterMenuBar: setRunning(true, *local*)
2025-04-24 14:13:03,652 INFO o.a.j.e.StandardJMeterEngine: Starting ThreadGroup: 1 : Thread Group
2025-04-24 14:13:03,652 INFO o.a.j.e.StandardJMeterEngine: Starting 1 threads for group Thread Group.
2025-04-24 14:13:03,652 INFO o.a.j.e.StandardJMeterEngine: Thread will continue on error
2025-04-24 14:13:03,652 INFO o.a.j.t.ThreadGroup: Starting thread group... number=1 threads=1 ramp-up=1 delayedStart=false
2025-04-24 14:13:03,654 INFO o.a.j.t.ThreadGroup: Started thread group number 1
2025-04-24 14:13:03,654 INFO o.a.j.e.StandardJMeterEngine: All thread groups have been started
2025-04-24 14:13:03,654 INFO o.a.j.t.JMeterThread: Thread started: Thread Group 1-1
2025-04-24 14:13:07,541 INFO o.a.j.t.JMeterThread: Thread is done: Thread Group 1-1
2025-04-24 14:13:07,541 INFO o.a.j.t.JMeterThread: Thread finished: Thread Group 1-1
2025-04-24 14:13:07,542 INFO o.a.j.e.StandardJMeterEngine: Notifying test listeners of end of test
2025-04-24 14:13:07,542 INFO o.a.j.g.u.JMeterMenuBar: setRunning(false, *local*)
